{
  "stats": {
    "suites": 1,
    "tests": 3,
    "passes": 1,
    "pending": 0,
    "failures": 2,
    "start": "2023-04-12T13:46:41.462Z",
    "end": "2023-04-12T13:46:50.241Z",
    "duration": 8779,
    "testsRegistered": 3,
    "passPercent": 33.33333333333333,
    "pendingPercent": 0,
    "other": 0,
    "hasOther": false,
    "skipped": 0,
    "hasSkipped": false
  },
  "results": [
    {
      "uuid": "cdb19f63-2bf0-48ea-8ea2-ca3aca9ecdb2",
      "title": "",
      "fullFile": "cypress\\e2e\\spec2.cy.js",
      "file": "cypress\\e2e\\spec2.cy.js",
      "beforeHooks": [],
      "afterHooks": [],
      "tests": [],
      "suites": [
        {
          "uuid": "9d03213c-2134-46f8-b246-539d17a72f82",
          "title": "spec 2",
          "fullFile": "",
          "file": "",
          "beforeHooks": [],
          "afterHooks": [],
          "tests": [
            {
              "title": "nightwatch",
              "fullTitle": "spec 2 nightwatch",
              "timedOut": null,
              "duration": 124,
              "state": "passed",
              "speed": "fast",
              "pass": true,
              "fail": false,
              "pending": false,
              "context": null,
              "code": "cy.contains(\"Sorry, something went wrong\").should('not.exist');",
              "err": {},
              "uuid": "c6f96d83-0cc2-4f89-ae60-7ea0a493ce21",
              "parentUUID": "9d03213c-2134-46f8-b246-539d17a72f82",
              "isHook": false,
              "skipped": false
            },
            {
              "title": "javascript",
              "fullTitle": "spec 2 javascript",
              "timedOut": null,
              "duration": 4248,
              "state": "failed",
              "speed": null,
              "pass": false,
              "fail": true,
              "pending": false,
              "context": null,
              "code": "cy.contains(\"Sorry, something went wrong\").should('exist');",
              "err": {
                "message": "AssertionError: Timed out retrying after 4000ms: Expected to find content: 'Sorry, something went wrong' but never did.",
                "estack": "AssertionError: Timed out retrying after 4000ms: Expected to find content: 'Sorry, something went wrong' but never did.\n    at Context.eval (webpack:///./cypress/e2e/spec2.cy.js:9:47)",
                "diff": null
              },
              "uuid": "1eda07ac-9984-4764-9b45-b2561e02fdae",
              "parentUUID": "9d03213c-2134-46f8-b246-539d17a72f82",
              "isHook": false,
              "skipped": false
            },
            {
              "title": "typescript",
              "fullTitle": "spec 2 typescript",
              "timedOut": null,
              "duration": 4185,
              "state": "failed",
              "speed": null,
              "pass": false,
              "fail": true,
              "pending": false,
              "context": null,
              "code": "cy.contains(\"Sorry, something went wrong\").should('exist');",
              "err": {
                "message": "AssertionError: Timed out retrying after 4000ms: Expected to find content: 'Sorry, something went wrong' but never did.",
                "estack": "AssertionError: Timed out retrying after 4000ms: Expected to find content: 'Sorry, something went wrong' but never did.\n    at Context.eval (webpack:///./cypress/e2e/spec2.cy.js:13:47)",
                "diff": null
              },
              "uuid": "18056e9c-d295-4752-b3b6-18fa7531c5f2",
              "parentUUID": "9d03213c-2134-46f8-b246-539d17a72f82",
              "isHook": false,
              "skipped": false
            }
          ],
          "suites": [],
          "passes": [
            "c6f96d83-0cc2-4f89-ae60-7ea0a493ce21"
          ],
          "failures": [
            "1eda07ac-9984-4764-9b45-b2561e02fdae",
            "18056e9c-d295-4752-b3b6-18fa7531c5f2"
          ],
          "pending": [],
          "skipped": [],
          "duration": 8557,
          "root": false,
          "rootEmpty": false,
          "_timeout": 2000
        }
      ],
      "passes": [],
      "failures": [],
      "pending": [],
      "skipped": [],
      "duration": 0,
      "root": true,
      "rootEmpty": true,
      "_timeout": 2000
    }
  ],
  "meta": {
    "mocha": {
      "version": "7.0.1"
    },
    "mochawesome": {
      "options": {
        "quiet": false,
        "reportFilename": "mochawesome",
        "saveHtml": true,
        "saveJson": true,
        "consoleReporter": "spec",
        "useInlineDiffs": false,
        "code": true
      },
      "version": "7.1.3"
    },
    "marge": {
      "options": {
        "reportDir": "cypress/results",
        "overwrite": true,
        "html": true,
        "json": true
      },
      "version": "6.2.0"
    }
  }
}