<?xml version="1.0" encoding="UTF-8"?>
<testsuites name="Mocha Tests" time="1.150" tests="3" failures="2">
  <testsuite name="Root Suite" timestamp="2023-03-29T07:14:06" tests="0" file="cypress\e2e\test1.cy.js" time="0.000" failures="0">
  </testsuite>
  <testsuite name="block for config" timestamp="2023-03-29T07:14:06" tests="3" time="1.111" failures="2">
    <testcase name="block for config should run" time="0.000" classname="should run">
      <failure message="expected false to be truthy" type="AssertionError"><![CDATA[AssertionError: expected false to be truthy
    at Context.eval (webpack:///./cypress/e2e/test1.cy.js:6:13)]]></failure>
    </testcase>
    <testcase name="block for config should also work" time="0.091" classname="should also work">
    </testcase>
    <testcase name="block for config should run as failures" time="0.000" classname="should run as failures">
      <failure message="expected false to be truthy" type="AssertionError"><![CDATA[AssertionError: expected false to be truthy
    at Context.eval (webpack:///./cypress/e2e/test1.cy.js:14:13)]]></failure>
    </testcase>
  </testsuite>
</testsuites>