<?xml version="1.0" encoding="UTF-8"?>
<testsuites name="Mocha Tests" time="0.414" tests="2" failures="1">
  <testsuite name="Root Suite" timestamp="2023-03-29T07:03:29" tests="0" file="cypress\e2e\test1.cy.js" time="0.000" failures="0">
  </testsuite>
  <testsuite name="block for config" timestamp="2023-03-29T07:03:29" tests="2" time="0.386" failures="1">
    <testcase name="block for config should run" time="0.000" classname="should run">
      <failure message="expected false to be truthy" type="AssertionError"><![CDATA[AssertionError: expected false to be truthy
    at Context.eval (webpack:///./cypress/e2e/test1.cy.js:6:13)]]></failure>
    </testcase>
    <testcase name="block for config should also work" time="0.043" classname="should also work">
    </testcase>
  </testsuite>
</testsuites>