<?xml version="1.0" encoding="UTF-8"?>
<testsuites name="Mocha Tests" time="0.764" tests="2" failures="1">
  <testsuite name="Root Suite" timestamp="2023-03-29T07:14:00" tests="0" file="cypress\e2e\test.cy.js" time="0.000" failures="0">
  </testsuite>
  <testsuite name="block for config" timestamp="2023-03-29T07:14:00" tests="2" time="0.726" failures="1">
    <testcase name="block for config aman1" time="0.000" classname="aman1">
      <failure message="expected false to be truthy" type="AssertionError"><![CDATA[AssertionError: expected false to be truthy
    at Context.eval (webpack:///./cypress/e2e/test.cy.js:6:13)]]></failure>
    </testcase>
    <testcase name="block for config aman2" time="0.056" classname="aman2">
    </testcase>
  </testsuite>
</testsuites>